<?xml version="1.0" encoding="UTF-8"?>
<testsuite name="cn.todo.unit.NationalityRestTemplateServiceTest" tests="1" skipped="0" failures="0" errors="0" timestamp="2024-03-27T14:33:09" hostname="nichitas-macbook-pro.home" time="0.964">
  <properties/>
  <testcase name="givenServerIsMocked_whenPredictNationality_thenReceiveTheResponse()" classname="cn.todo.unit.NationalityRestTemplateServiceTest" time="0.964"/>
  <system-out><![CDATA[15:33:08.470 [Test worker] INFO org.springframework.test.context.support.AnnotationConfigContextLoaderUtils -- Could not detect default configuration classes for test class [cn.todo.unit.NationalityRestTemplateServiceTest]: NationalityRestTemplateServiceTest does not declare any static, non-private, non-final, nested classes annotated with @Configuration.
15:33:08.594 [Test worker] INFO org.springframework.boot.test.context.SpringBootTestContextBootstrapper -- Found @SpringBootConfiguration cn.todo.TodoApplication for test class cn.todo.unit.NationalityRestTemplateServiceTest

  .   ____          _            __ _ _
 /\\ / ___'_ __ _ _(_)_ __  __ _ \ \ \ \
( ( )\___ | '_ | '_| | '_ \/ _` | \ \ \ \
 \\/  ___)| |_)| | | | | || (_| |  ) ) ) )
  '  |____| .__|_| |_|_| |_\__, | / / / /
 =========|_|==============|___/=/_/_/_/
 :: Spring Boot ::                (v3.2.3)

2024-03-27T15:33:08.943+01:00  INFO 43513 --- [    Test worker] c.t.u.NationalityRestTemplateServiceTest : Starting NationalityRestTemplateServiceTest using Java 21.0.2 with PID 43513 (started by nichitacarolina in /Users/nichitacarolina/Projects/todo-with-spring-jpa)
2024-03-27T15:33:08.944+01:00  INFO 43513 --- [    Test worker] c.t.u.NationalityRestTemplateServiceTest : No active profile set, falling back to 1 default profile: "default"
2024-03-27T15:33:09.505+01:00  INFO 43513 --- [    Test worker] c.t.u.NationalityRestTemplateServiceTest : Started NationalityRestTemplateServiceTest in 0.836 seconds (process running for 1.881)
]]></system-out>
  <system-err><![CDATA[WARNING: A Java agent has been loaded dynamically (/Users/nichitacarolina/.gradle/caches/modules-2/files-2.1/net.bytebuddy/byte-buddy-agent/1.14.12/be4984cb6fd1ef1d11f218a648889dfda44b8a15/byte-buddy-agent-1.14.12.jar)
WARNING: If a serviceability tool is in use, please run with -XX:+EnableDynamicAgentLoading to hide this warning
WARNING: If a serviceability tool is not in use, please run with -Djdk.instrument.traceUsage for more information
WARNING: Dynamic loading of agents will be disallowed by default in a future release
]]></system-err>
</testsuite>
